Using pre-set license
Built from '2021.1/staging' branch; Version is '2021.1.12f1 (afcadd793de6) revision 11520733'; Using compiler version '192528614'; Build Type 'Release'
OS: 'Windows 10 Home; OS build 18363.1556; Version 1909; 64bit' Language: 'en' Physical Memory: 8105 MB
BatchMode: 1, IsHumanControllingUs: 0, StartBugReporterOnCrash: 0, Is64bit: 1, IsPro: 0

 COMMAND LINE ARGUMENTS:
D:\dev stuff\2021.1.12f1\Editor\Unity.exe
-adb2
-batchMode
-noUpm
-name
AssetImportWorker0
-projectPath
D:/dev stuff/GameEngineScripting/Mastermind
-logFile
Logs/AssetImportWorker0.log
-srvPort
50044
Successfully changed project path to: D:/dev stuff/GameEngineScripting/Mastermind
D:/dev stuff/GameEngineScripting/Mastermind
Using Asset Import Pipeline V2.
Refreshing native plugins compatible for Editor in 67.40 ms, found 3 plugins.
Preloading 0 native plugins for Editor in 0.00 ms.
Initialize engine version: 2021.1.12f1 (afcadd793de6)
[Subsystems] Discovering subsystems at path D:/dev stuff/2021.1.12f1/Editor/Data/Resources/UnitySubsystems
[Subsystems] Discovering subsystems at path D:/dev stuff/GameEngineScripting/Mastermind/Assets
GfxDevice: creating device client; threaded=0; jobified=0
Direct3D:
    Version:  Direct3D 11.0 [level 11.1]
    Renderer: NVIDIA GeForce GTX 1660 SUPER (ID=0x21c4)
    Vendor:   NVIDIA
    VRAM:     5991 MB
    Driver:   30.0.14.7208
Initialize mono
Mono path[0] = 'D:/dev stuff/2021.1.12f1/Editor/Data/Managed'
Mono path[1] = 'D:/dev stuff/2021.1.12f1/Editor/Data/MonoBleedingEdge/lib/mono/unityjit'
Mono config path = 'D:/dev stuff/2021.1.12f1/Editor/Data/MonoBleedingEdge/etc'
Using monoOptions --debugger-agent=transport=dt_socket,embedding=1,server=y,suspend=n,address=127.0.0.1:56800
Begin MonoManager ReloadAssembly
Registering precompiled unity dll's ...
Register platform support module: D:/dev stuff/2021.1.12f1/Editor/Data/PlaybackEngines/WindowsStandaloneSupport/UnityEditor.WindowsStandalone.Extensions.dll
Registered in 0.001115 seconds.
Native extension for WindowsStandalone target not found
Refreshing native plugins compatible for Editor in 69.12 ms, found 3 plugins.
Preloading 0 native plugins for Editor in 0.00 ms.
Mono: successfully reloaded assembly
- Completed reload, in  1.092 seconds
Domain Reload Profiling:
	ReloadAssembly (1092ms)
		BeginReloadAssembly (51ms)
			ExecutionOrderSort (0ms)
			DisableScriptedObjects (0ms)
			BackupInstance (0ms)
			ReleaseScriptingObjects (0ms)
			CreateAndSetChildDomain (1ms)
		EndReloadAssembly (390ms)
			LoadAssemblies (51ms)
			RebuildTransferFunctionScriptingTraits (0ms)
			SetupTypeCache (142ms)
			ReleaseScriptCaches (0ms)
			RebuildScriptCaches (27ms)
			SetupLoadedEditorAssemblies (185ms)
				LogAssemblyErrors (0ms)
				InitializePlatformSupportModulesInManaged (5ms)
				SetLoadedEditorAssemblies (0ms)
				RefreshPlugins (69ms)
				BeforeProcessingInitializeOnLoad (1ms)
				ProcessInitializeOnLoadAttributes (84ms)
				ProcessInitializeOnLoadMethodAttributes (25ms)
				AfterProcessingInitializeOnLoad (0ms)
				EditorAssembliesLoaded (0ms)
			ExecutionOrderSort2 (0ms)
			AwakeInstancesAfterBackupRestoration (0ms)
Platform modules already initialized, skipping
Registering precompiled user dll's ...
Registered in 0.004215 seconds.
Begin MonoManager ReloadAssembly
Symbol file LoadedFromMemory doesn't match image D:\dev stuff\GameEngineScripting\Mastermind\Library\PackageCache\com.unity.visualscripting@1.6.1\Editor\VisualScripting.Core\Dependencies\YamlDotNet\Unity.VisualScripting.YamlDotNet.dll
Symbol file LoadedFromMemory doesn't match image D:\dev stuff\GameEngineScripting\Mastermind\Library\PackageCache\com.unity.visualscripting@1.6.1\Editor\VisualScripting.Core\Dependencies\DotNetZip\Unity.VisualScripting.IonicZip.dll
Native extension for WindowsStandalone target not found
Refreshing native plugins compatible for Editor in 0.70 ms, found 3 plugins.
Preloading 0 native plugins for Editor in 0.00 ms.
Mono: successfully reloaded assembly
- Completed reload, in  1.737 seconds
Domain Reload Profiling:
	ReloadAssembly (1737ms)
		BeginReloadAssembly (135ms)
			ExecutionOrderSort (0ms)
			DisableScriptedObjects (4ms)
			BackupInstance (0ms)
			ReleaseScriptingObjects (0ms)
			CreateAndSetChildDomain (18ms)
		EndReloadAssembly (1552ms)
			LoadAssemblies (850ms)
			RebuildTransferFunctionScriptingTraits (0ms)
			SetupTypeCache (297ms)
			ReleaseScriptCaches (1ms)
			RebuildScriptCaches (41ms)
			SetupLoadedEditorAssemblies (280ms)
				LogAssemblyErrors (0ms)
				InitializePlatformSupportModulesInManaged (6ms)
				SetLoadedEditorAssemblies (0ms)
				RefreshPlugins (1ms)
				BeforeProcessingInitializeOnLoad (64ms)
				ProcessInitializeOnLoadAttributes (202ms)
				ProcessInitializeOnLoadMethodAttributes (5ms)
				AfterProcessingInitializeOnLoad (2ms)
				EditorAssembliesLoaded (0ms)
			ExecutionOrderSort2 (0ms)
			AwakeInstancesAfterBackupRestoration (6ms)
Platform modules already initialized, skipping
========================================================================
Worker process is ready to serve import requests
Launched and connected shader compiler UnityShaderCompiler.exe after 0.04 seconds
Refreshing native plugins compatible for Editor in 1.18 ms, found 3 plugins.
Preloading 0 native plugins for Editor in 0.00 ms.
Unloading 2944 Unused Serialized files (Serialized files now loaded: 0)
System memory in use before: 105.5 MB.
System memory in use after: 105.7 MB.

Unloading 22 unused Assets to reduce memory usage. Loaded Objects now: 3388.
Total: 2.803300 ms (FindLiveObjects: 0.337300 ms CreateObjectMapping: 0.085500 ms MarkObjects: 2.305800 ms  DeleteObjects: 0.073200 ms)

AssetImportParameters requested are different than current active one (requested -> active):
  custom:framework-win-MediaFoundation: 216162199b28c13a410421893ffa2e32 -> 
  custom:video-decoder-ogg-theora: a1e56fd34408186e4bbccfd4996cb3dc -> 
  custom:container-muxer-webm: aa71ff27fc2769a1b78a27578f13a17b -> 
  custom:container-demuxer-webm: 4f35f7cbe854078d1ac9338744f61a02 -> 
  custom:container-demuxer-ogg: 62fdf1f143b41e24485cea50d1cbac27 -> 
  custom:video-encoder-webm-vp8: eb34c28f22e8b96e1ab97ce403110664 -> 
  custom:video-codec-MediaFoundation-h265: 746d11721c4dcdbdad8f713fa42b33f4 -> 
  custom:video-decoder-webm-vp8: 9c59270c3fd7afecdb556c50c9e8de78 -> 
  custom:audio-decoder-ogg-vorbis: bf7c407c2cedff20999df2af8eb42d56 -> 
  custom:audio-encoder-webm-vorbis: bf7c407c2cedff20999df2af8eb42d56 -> 
========================================================================
Received Import Request.
  path: Assets/Scenes
  artifactKey: Guid(34c9428d5ec33f946bc0a8567dd583d3) Importer(815301076,1909f56bfc062723c751e8b465ee728b)
Start importing Assets/Scenes using Guid(34c9428d5ec33f946bc0a8567dd583d3) Importer(815301076,1909f56bfc062723c751e8b465ee728b)  -> (artifact id: '79b08914bef191092466fa065a638ed4') in 0.010131 seconds 
========================================================================
Received Import Request.
  Time since last request: 0.000166 seconds.
  path: Assets/black.mat
  artifactKey: Guid(ab8cef8cabd6b164199ae2ce59187913) Importer(815301076,1909f56bfc062723c751e8b465ee728b)
Start importing Assets/black.mat using Guid(ab8cef8cabd6b164199ae2ce59187913) Importer(815301076,1909f56bfc062723c751e8b465ee728b)  -> (artifact id: 'd160768251b3970b78860c1b6eb5cd51') in 1.345263 seconds 
========================================================================
Received Import Request.
  Time since last request: 0.000149 seconds.
  path: Assets/brown.mat
  artifactKey: Guid(cf78cb279a04e5649a59cd01bacfc75b) Importer(815301076,1909f56bfc062723c751e8b465ee728b)
Start importing Assets/brown.mat using Guid(cf78cb279a04e5649a59cd01bacfc75b) Importer(815301076,1909f56bfc062723c751e8b465ee728b)  -> (artifact id: '91de49d3efe93e48d6361ac7760d0f12') in 0.018744 seconds 
========================================================================
Received Import Request.
  Time since last request: 0.000130 seconds.
  path: Assets/Scenes/Mastermind.unity
  artifactKey: Guid(9fc0d4010bbf28b4594072e72b8655ab) Importer(815301076,1909f56bfc062723c751e8b465ee728b)
Start importing Assets/Scenes/Mastermind.unity using Guid(9fc0d4010bbf28b4594072e72b8655ab) Importer(815301076,1909f56bfc062723c751e8b465ee728b)  -> (artifact id: '6c55342dfbb0cd80800a4f6c5cc0fc6f') in 0.006064 seconds 
========================================================================
Received Import Request.
  Time since last request: 103.192668 seconds.
  path: Assets/Materials/Color_1.mat
  artifactKey: Guid(3130a1a2c375c60498e06dad86d62555) Importer(815301076,1909f56bfc062723c751e8b465ee728b)
Start importing Assets/Materials/Color_1.mat using Guid(3130a1a2c375c60498e06dad86d62555) Importer(815301076,1909f56bfc062723c751e8b465ee728b)  -> (artifact id: 'e42c7a7e0a99f4be1d6fee6130df8391') in 0.010307 seconds 
========================================================================
Received Import Request.
  Time since last request: 0.000154 seconds.
  path: Assets/Materials/Color_3.mat
  artifactKey: Guid(c801c9f0e89389c45996d090e2bde2ee) Importer(815301076,1909f56bfc062723c751e8b465ee728b)
Start importing Assets/Materials/Color_3.mat using Guid(c801c9f0e89389c45996d090e2bde2ee) Importer(815301076,1909f56bfc062723c751e8b465ee728b)  -> (artifact id: '454aabd36ee788430953267078e05cc0') in 0.010245 seconds 
========================================================================
Received Import Request.
  Time since last request: 0.000140 seconds.
  path: Assets/Materials/Plane.mat
  artifactKey: Guid(fbe9cdc30b1f62548b2cb7475b462caa) Importer(815301076,1909f56bfc062723c751e8b465ee728b)
Start importing Assets/Materials/Plane.mat using Guid(fbe9cdc30b1f62548b2cb7475b462caa) Importer(815301076,1909f56bfc062723c751e8b465ee728b)  -> (artifact id: '353b3e5530f09f3af03176d459558f86') in 0.008980 seconds 
========================================================================
Received Import Request.
  Time since last request: 0.000148 seconds.
  path: Assets/Materials/Color_2.mat
  artifactKey: Guid(c036823901f52ac4296fb453b662136a) Importer(815301076,1909f56bfc062723c751e8b465ee728b)
Start importing Assets/Materials/Color_2.mat using Guid(c036823901f52ac4296fb453b662136a) Importer(815301076,1909f56bfc062723c751e8b465ee728b)  -> (artifact id: '69fbb639ce322a8f069263c6485916d6') in 0.010639 seconds 
========================================================================
Received Import Request.
  Time since last request: 0.000141 seconds.
  path: Assets/Materials/Color_4.mat
  artifactKey: Guid(0a5bb360a603853428cbec6c85b02f6e) Importer(815301076,1909f56bfc062723c751e8b465ee728b)
Start importing Assets/Materials/Color_4.mat using Guid(0a5bb360a603853428cbec6c85b02f6e) Importer(815301076,1909f56bfc062723c751e8b465ee728b)  -> (artifact id: '1e9b2a30d01fb33c2417f28a8e7bdec3') in 0.010082 seconds 
========================================================================
Received Import Request.
  Time since last request: 1.313089 seconds.
  path: Assets/Prefabs/Correct.prefab
  artifactKey: Guid(e9ba0a62e373c3640a466830a7f3cbfe) Importer(815301076,1909f56bfc062723c751e8b465ee728b)
Start importing Assets/Prefabs/Correct.prefab using Guid(e9ba0a62e373c3640a466830a7f3cbfe) Importer(815301076,1909f56bfc062723c751e8b465ee728b)  -> (artifact id: '7e4be1b6b1ee54ef9e4aaa0eb9b24879') in 0.103832 seconds 
========================================================================
Received Import Request.
  Time since last request: 0.000137 seconds.
  path: Assets/Prefabs/Incorrect.prefab
  artifactKey: Guid(f2e3421daab4f1d4096d94373de0dce8) Importer(815301076,1909f56bfc062723c751e8b465ee728b)
Start importing Assets/Prefabs/Incorrect.prefab using Guid(f2e3421daab4f1d4096d94373de0dce8) Importer(815301076,1909f56bfc062723c751e8b465ee728b)  -> (artifact id: '54fe68bd73e0ecc3c586b5eaa0554098') in 0.009196 seconds 
========================================================================
Received Import Request.
  Time since last request: 9.679296 seconds.
  path: Assets/Prefabs/Correct 1.prefab
  artifactKey: Guid(6ec987dbd443bd8489a39afd30881f1a) Importer(815301076,1909f56bfc062723c751e8b465ee728b)
Start importing Assets/Prefabs/Correct 1.prefab using Guid(6ec987dbd443bd8489a39afd30881f1a) Importer(815301076,1909f56bfc062723c751e8b465ee728b)  -> (artifact id: 'd86a6674b6e89b8d76436c37cfd38a96') in 0.009340 seconds 
========================================================================
Received Import Request.
  Time since last request: 14.572567 seconds.
  path: Assets/Prefabs/HalfCorrect.prefab
  artifactKey: Guid(6ec987dbd443bd8489a39afd30881f1a) Importer(815301076,1909f56bfc062723c751e8b465ee728b)
Start importing Assets/Prefabs/HalfCorrect.prefab using Guid(6ec987dbd443bd8489a39afd30881f1a) Importer(815301076,1909f56bfc062723c751e8b465ee728b)  -> (artifact id: '52a3eb1589d30fb9d501c420d4bc98ce') in 0.012139 seconds 
========================================================================
Received Import Request.
  Time since last request: 4.298938 seconds.
  path: Assets/Materials
  artifactKey: Guid(88195da478b21974b894e4f89a48b94c) Importer(815301076,1909f56bfc062723c751e8b465ee728b)
Start importing Assets/Materials using Guid(88195da478b21974b894e4f89a48b94c) Importer(815301076,1909f56bfc062723c751e8b465ee728b)  -> (artifact id: '7df8c89e5f26f85d09595d588ead53a0') in 0.005700 seconds 
========================================================================
Received Import Request.
  Time since last request: 0.444701 seconds.
  path: Assets/Materials/Pin Color
  artifactKey: Guid(826a2932cf491b341bd494a832134953) Importer(815301076,1909f56bfc062723c751e8b465ee728b)
Start importing Assets/Materials/Pin Color using Guid(826a2932cf491b341bd494a832134953) Importer(815301076,1909f56bfc062723c751e8b465ee728b)  -> (artifact id: '7c59acf1a3f31b0ea3db5dcc8ef8fc1c') in 0.005737 seconds 
========================================================================
Received Import Request.
  Time since last request: 0.024991 seconds.
  path: Assets/Materials/Pin Color/PinColor_Correct.mat
  artifactKey: Guid(cbc86efbc6ec0ae4a8d5040f03d1f78f) Importer(815301076,1909f56bfc062723c751e8b465ee728b)
Start importing Assets/Materials/Pin Color/PinColor_Correct.mat using Guid(cbc86efbc6ec0ae4a8d5040f03d1f78f) Importer(815301076,1909f56bfc062723c751e8b465ee728b)  -> (artifact id: '0f6e4395e621f06005e079bbdf4cb26c') in 0.011008 seconds 
========================================================================
Received Import Request.
  Time since last request: 0.000156 seconds.
  path: Assets/Materials/Pin Color/PinColor_Incorrect.mat
  artifactKey: Guid(910429a464c3dab4a8859e20db1461fe) Importer(815301076,1909f56bfc062723c751e8b465ee728b)
Start importing Assets/Materials/Pin Color/PinColor_Incorrect.mat using Guid(910429a464c3dab4a8859e20db1461fe) Importer(815301076,1909f56bfc062723c751e8b465ee728b)  -> (artifact id: '18799392c70ceee62f369b56ffa9437b') in 0.011842 seconds 
========================================================================
Received Import Request.
  Time since last request: 7.257528 seconds.
  path: Assets/Materials/Pin Color/New Material.mat
  artifactKey: Guid(0f57a4e95e46dd643aad99846655373f) Importer(815301076,1909f56bfc062723c751e8b465ee728b)
Start importing Assets/Materials/Pin Color/New Material.mat using Guid(0f57a4e95e46dd643aad99846655373f) Importer(815301076,1909f56bfc062723c751e8b465ee728b)  -> (artifact id: '456fba85ea8e9230aa513b9321d11692') in 0.010148 seconds 
========================================================================
Received Import Request.
  Time since last request: 23.201803 seconds.
  path: Assets/Materials/Pin Color/PinColor_HalfCorrect.mat
  artifactKey: Guid(0f57a4e95e46dd643aad99846655373f) Importer(815301076,1909f56bfc062723c751e8b465ee728b)
Start importing Assets/Materials/Pin Color/PinColor_HalfCorrect.mat using Guid(0f57a4e95e46dd643aad99846655373f) Importer(815301076,1909f56bfc062723c751e8b465ee728b)  -> (artifact id: '31dd77d26dc6b0246fe17bfe3150665b') in 0.012497 seconds 
========================================================================
Received Import Request.
  Time since last request: 10.291488 seconds.
  path: Assets/Prefabs
  artifactKey: Guid(25206cdbdb2bf5f4991e300397341de1) Importer(815301076,1909f56bfc062723c751e8b465ee728b)
Start importing Assets/Prefabs using Guid(25206cdbdb2bf5f4991e300397341de1) Importer(815301076,1909f56bfc062723c751e8b465ee728b)  -> (artifact id: 'c807ea3d2c0f7ceca49d92f024323abc') in 0.005841 seconds 
========================================================================
Received Import Request.
  Time since last request: 135.703157 seconds.
  path: Assets/Prefabs/HalfCorrect.prefab
  artifactKey: Guid(6ec987dbd443bd8489a39afd30881f1a) Importer(815301076,1909f56bfc062723c751e8b465ee728b)
Start importing Assets/Prefabs/HalfCorrect.prefab using Guid(6ec987dbd443bd8489a39afd30881f1a) Importer(815301076,1909f56bfc062723c751e8b465ee728b)  -> (artifact id: '22cfb8a0f0114c109c6429c199e9b879') in 0.006248 seconds 
========================================================================
Received Import Request.
  Time since last request: 28.317682 seconds.
  path: Assets/Prefabs/HalfCorrect.prefab
  artifactKey: Guid(6ec987dbd443bd8489a39afd30881f1a) Importer(815301076,1909f56bfc062723c751e8b465ee728b)
Start importing Assets/Prefabs/HalfCorrect.prefab using Guid(6ec987dbd443bd8489a39afd30881f1a) Importer(815301076,1909f56bfc062723c751e8b465ee728b)  -> (artifact id: '2a5aa527d3175fe57fc73ead182c7799') in 0.009218 seconds 
========================================================================
Received Import Request.
  Time since last request: 175.624959 seconds.
  path: Assets/Materials/Pin Color/PinColor_Inorrect.mat
  artifactKey: Guid(cbc86efbc6ec0ae4a8d5040f03d1f78f) Importer(815301076,1909f56bfc062723c751e8b465ee728b)
Start importing Assets/Materials/Pin Color/PinColor_Inorrect.mat using Guid(cbc86efbc6ec0ae4a8d5040f03d1f78f) Importer(815301076,1909f56bfc062723c751e8b465ee728b)  -> (artifact id: '1a25008505c4f510d63a02520252b109') in 0.009924 seconds 
========================================================================
Received Import Request.
  Time since last request: 6.276845 seconds.
  path: Assets/Materials/Pin Color/PinColor_Correct.mat
  artifactKey: Guid(910429a464c3dab4a8859e20db1461fe) Importer(815301076,1909f56bfc062723c751e8b465ee728b)
Start importing Assets/Materials/Pin Color/PinColor_Correct.mat using Guid(910429a464c3dab4a8859e20db1461fe) Importer(815301076,1909f56bfc062723c751e8b465ee728b)  -> (artifact id: '37317b9c27bcd0fff01683606142a82b') in 0.010734 seconds 
